


ARM Macro Assembler    Page 1 


    1 00000000                 AREA             PROGRAM, CODE, READONLY
    2 00000000                 ENTRY
    3 00000000         MAIN
    4 00000000 E3A00000        LDR              R0,=0X00000000
    5 00000004 E3A01A01        LDR              R1,=0X00001000
    6 00000008 E8B0003C        LDM              R0!,{R2-R5}
    7 0000000C E8A1003C        STM              R1!,{R2-R5}
    8 00000010                 END
Command Line: --debug --xref --bi --apcs=interwork --depend=exp3a.d -oexp3a.o -
IC:\Keil\ARM\RV31\INC -IC:\Keil\ARM\CMSIS\Include --predefine="__EVAL SETA 1" -
-list=exp3a.lst exp3a.asm



ARM Macro Assembler    Page 1 Alphabetic symbol ordering
Relocatable symbols

MAIN 00000000

Symbol: MAIN
   Definitions
      At line 3 in file exp3a.asm
   Uses
      None
Comment: MAIN unused
PROGRAM 00000000

Symbol: PROGRAM
   Definitions
      At line 1 in file exp3a.asm
   Uses
      None
Comment: PROGRAM unused
2 symbols
333 symbols in table
