


ARM Macro Assembler    Page 1 


    1 00000000                 AREA             PROGRAM, CODE, READONLY
    2 00000000                 ENTRY
    3 00000000         MAIN
    4 00000000 E3A00001        MOV              R0, #1
    5 00000004 E3A01002        MOV              R1, #2
    6 00000008 E1A02001        MOV              R2, R1
    7 0000000C E1510002        CMP              R1, R2
    8 00000010 0A000004        BEQ              LOOP1       ; EQUAL
    9 00000014         LOOP6
   10 00000014 E2800001        ADD              R0,R0,#1
   11 00000018 E59F10E4        LDR              R1, =0X70FFFFFF
   12 0000001C E59F20E4        LDR              R2, =0X3FFFFFFF
   13 00000020 E0912002        ADDS             R2, R1, R2
   14 00000024 6A000030        BVS              LOOP7       ; OVERFLOW
   15 00000028         LOOP1
   16 00000028 E2800001        ADD              R0, R0, #1
   17 0000002C E3A01001        MOV              R1, #1
   18 00000030 E3A02002        MOV              R2, #2
   19 00000034 E1510002        CMP              R1, R2
   20 00000038 1A000008        BNE              LOOP2       ; NOT EQUAL
   21 0000003C         LOOP4
   22 0000003C E2800001        ADD              R0,R0,#1
   23 00000040 E3A01001        MOV              R1, #1
   24 00000044 E3A02003        MOV              R2, #3
   25 00000048 E0511002        SUBS             R1, R1, R2
   26 0000004C 4A000007        BMI              LOOP5       ; MINUS
   27 00000050         LOOP3
   28 00000050 E2800001        ADD              R0,R0,#1
   29 00000054 E3A01A01        LDR              R1, =0x00001000
   30 00000058 E0911001        ADDS             R1, R1, R1
   31 0000005C 3AFFFFF6        BCC              LOOP4       ; CARRY CLEAR
   32 00000060         LOOP2
   33 00000060 E2800001        ADD              R0, R0, #1
   34 00000064 E59F10A0        LDR              R1, =0xFFFFFFFF
   35 00000068 E0911001        ADDS             R1, R1, R1
   36 0000006C 2AFFFFF7        BCS              LOOP3       ; CARRY SET
   37 00000070         LOOP5
   38 00000070 E2800001        ADD              R0,R0,#1
   39 00000074 E3A01005        MOV              R1, #5
   40 00000078 E3A02002        MOV              R2, #2
   41 0000007C E0511002        SUBS             R1, R1, R2
   42 00000080 5AFFFFE3        BPL              LOOP6       ; POSITIVE
   43 00000084         LOOP9
   44 00000084 E2800001        ADD              R0,R0,#1
   45 00000088 E3A01001        MOV              R1, #1
   46 0000008C E3A02002        MOV              R2, #2
   47 00000090 E1520001        CMP              R2, R1
   48 00000094 CA00000A        BGT              LOOP10      ; GREATER THAN
   49 00000098         LOOP8
   50 00000098 E2800001        ADD              R0, R0, #1
   51 0000009C E3A01001        MOV              R1, #1
   52 000000A0 E3A02002        MOV              R2, #2
   53 000000A4 E1510002        CMP              R1, R2
   54 000000A8 BAFFFFF5        BLT              LOOP9       ; LESS THAN
   55 000000AC         LOOP12
   56 000000AC E2800001        ADD              R0,R0,#1
   57 000000B0 E1510002        CMP              R1 , R2
   58 000000B4 9A000007        BLS              LOOP13
   59 000000B8         LOOP11



ARM Macro Assembler    Page 2 


   60 000000B8 E2800001        ADD              R0,R0,#1
   61 000000BC E1510002        CMP              R1, R2
   62 000000C0 DAFFFFF9        BLE              LOOP12      ; less or equal
   63 000000C4         LOOP10
   64 000000C4 E2800001        ADD              R0, R0, #1
   65 000000C8 E1A01002        MOV              R1, R2
   66 000000CC AAFFFFF9        BGE              LOOP11      ; GREATER OR EQUAL
   67 000000D0         
   68 000000D0         LOOP14
   69 000000D0 E2800001        ADD              R0,R0,#1
   70 000000D4 EA000009        BAL              LOOP20      ; ALWAYS
   71 000000D8         LOOP13
   72 000000D8 E2800001        ADD              R0,R0,#1
   73 000000DC E59F102C        LDR              R1,=0XFFFF0000
   74 000000E0 E1A02001        MOV              R2,R1
   75 000000E4 E0911002        ADDS             R1, R1, R2
   76 000000E8 8AFFFFF8        BHI              LOOP14
   77 000000EC         LOOP7
   78 000000EC E2800001        ADD              R0,R0,#1
   79 000000F0 E3A01A01        LDR              R1, =0X00001000
   80 000000F4 E3A02000        LDR              R2, =0x00000000
   81 000000F8 E0911002        ADDS             R1, R1, R2
   82 000000FC 7AFFFFE5        BVC              LOOP8       ; NO OVERFLOW 
   83 00000100 EAFFFFFE 
                       LOOP20  B                LOOP20
   84 00000104                 END
              70FFFFFF 
              3FFFFFFF 
              FFFFFFFF 
              FFFF0000 
Command Line: --debug --xref --bi --apcs=interwork --depend=assign.d -oassign.o
 -IC:\Keil\ARM\RV31\INC -IC:\Keil\ARM\CMSIS\Include --predefine="__EVAL SETA 1"
 --list=assign.lst assign.asm



ARM Macro Assembler    Page 1 Alphabetic symbol ordering
Relocatable symbols

LOOP1 00000028

Symbol: LOOP1
   Definitions
      At line 15 in file assign.asm
   Uses
      At line 8 in file assign.asm
Comment: LOOP1 used once
LOOP10 000000C4

Symbol: LOOP10
   Definitions
      At line 63 in file assign.asm
   Uses
      At line 48 in file assign.asm
Comment: LOOP10 used once
LOOP11 000000B8

Symbol: LOOP11
   Definitions
      At line 59 in file assign.asm
   Uses
      At line 66 in file assign.asm
Comment: LOOP11 used once
LOOP12 000000AC

Symbol: LOOP12
   Definitions
      At line 55 in file assign.asm
   Uses
      At line 62 in file assign.asm
Comment: LOOP12 used once
LOOP13 000000D8

Symbol: LOOP13
   Definitions
      At line 71 in file assign.asm
   Uses
      At line 58 in file assign.asm
Comment: LOOP13 used once
LOOP14 000000D0

Symbol: LOOP14
   Definitions
      At line 68 in file assign.asm
   Uses
      At line 76 in file assign.asm
Comment: LOOP14 used once
LOOP2 00000060

Symbol: LOOP2
   Definitions
      At line 32 in file assign.asm
   Uses
      At line 20 in file assign.asm
Comment: LOOP2 used once
LOOP20 00000100

Symbol: LOOP20



ARM Macro Assembler    Page 2 Alphabetic symbol ordering
Relocatable symbols

   Definitions
      At line 83 in file assign.asm
   Uses
      At line 70 in file assign.asm
      At line 83 in file assign.asm

LOOP3 00000050

Symbol: LOOP3
   Definitions
      At line 27 in file assign.asm
   Uses
      At line 36 in file assign.asm
Comment: LOOP3 used once
LOOP4 0000003C

Symbol: LOOP4
   Definitions
      At line 21 in file assign.asm
   Uses
      At line 31 in file assign.asm
Comment: LOOP4 used once
LOOP5 00000070

Symbol: LOOP5
   Definitions
      At line 37 in file assign.asm
   Uses
      At line 26 in file assign.asm
Comment: LOOP5 used once
LOOP6 00000014

Symbol: LOOP6
   Definitions
      At line 9 in file assign.asm
   Uses
      At line 42 in file assign.asm
Comment: LOOP6 used once
LOOP7 000000EC

Symbol: LOOP7
   Definitions
      At line 77 in file assign.asm
   Uses
      At line 14 in file assign.asm
Comment: LOOP7 used once
LOOP8 00000098

Symbol: LOOP8
   Definitions
      At line 49 in file assign.asm
   Uses
      At line 82 in file assign.asm
Comment: LOOP8 used once
LOOP9 00000084

Symbol: LOOP9
   Definitions
      At line 43 in file assign.asm



ARM Macro Assembler    Page 3 Alphabetic symbol ordering
Relocatable symbols

   Uses
      At line 54 in file assign.asm
Comment: LOOP9 used once
MAIN 00000000

Symbol: MAIN
   Definitions
      At line 3 in file assign.asm
   Uses
      None
Comment: MAIN unused
PROGRAM 00000000

Symbol: PROGRAM
   Definitions
      At line 1 in file assign.asm
   Uses
      None
Comment: PROGRAM unused
17 symbols
350 symbols in table
