


ARM Macro Assembler    Page 1 


    1 00000000                 AREA             PROGRAM, CODE, READONLY
    2 00000000                 ENTRY
    3 00000000         MAIN
    4 00000000 E3A00001        LDR              R0,=0X00000001
    5 00000004 E3A01002        LDR              R1,=0X00000002
    6 00000008 E0812000        ADD              R2,R1,R0
    7 0000000C                 END
Command Line: --debug --xref --bi --apcs=interwork --depend=EXP1bi.d -oEXP1bi.o
 -IC:\Keil\ARM\RV31\INC -IC:\Keil\ARM\CMSIS\Include --predefine="__EVAL SETA 1"
 --list=EXP1bi.lst EXP1bi.asm



ARM Macro Assembler    Page 1 Alphabetic symbol ordering
Relocatable symbols

MAIN 00000000

Symbol: MAIN
   Definitions
      At line 3 in file EXP1bi.asm
   Uses
      None
Comment: MAIN unused
PROGRAM 00000000

Symbol: PROGRAM
   Definitions
      At line 1 in file EXP1bi.asm
   Uses
      None
Comment: PROGRAM unused
2 symbols
333 symbols in table
