


ARM Macro Assembler    Page 1 


    1 00000000                 AREA             PROGRAM, CODE, READONLY
    2 00000000                 ENTRY
    3 00000000         MAIN
    4 00000000 E3A00001        LDR              R0,=0x00000001 ;LOAD R0 with a 
                                                            value
    5 00000004 E1A01100        MOV              R1,R0,LSL#0x02 ;move value of R
                                                            0 to R1 with left s
                                                            hift by 2 bits
    6 00000008                 END
Command Line: --debug --xref --bi --apcs=interwork --depend=exp2-a.d -oexp2-a.o
 -IC:\Keil\ARM\RV31\INC -IC:\Keil\ARM\CMSIS\Include --predefine="__EVAL SETA 1"
 --list=exp2-a.lst exp2-a.asm



ARM Macro Assembler    Page 1 Alphabetic symbol ordering
Relocatable symbols

MAIN 00000000

Symbol: MAIN
   Definitions
      At line 3 in file exp2-a.asm
   Uses
      None
Comment: MAIN unused
PROGRAM 00000000

Symbol: PROGRAM
   Definitions
      At line 1 in file exp2-a.asm
   Uses
      None
Comment: PROGRAM unused
2 symbols
333 symbols in table
