


ARM Macro Assembler    Page 1 


    1 00000000                 AREA             PROGRAM, CODE, READONLY
    2 00000000                 ENTRY
    3 00000000         MAIN
    4 00000000         ;direct addressing mode
    5 00000000 E59F0004        LDR              R0,VALUE1
    6 00000004 E59F1004        LDR              R1,VALUE2
    7 00000008 E0812000        ADD              R2,R1,R0
    8 0000000C                 AREA             PROGRAM, DATA, READONLY
    9 0000000C 00000001 
                       VALUE1  DCD              &00000001
   10 00000010 00000002 
                       VALUE2  DCD              &00000002
   11 00000014                 END
Command Line: --debug --xref --bi --apcs=interwork --depend=EXP1bii.d -oEXP1bii
.o -IC:\Keil\ARM\RV31\INC -IC:\Keil\ARM\CMSIS\Include --predefine="__EVAL SETA 
1" --list=.\EXP1bii.lst exp1-b-ii\EXP1bii.asm



ARM Macro Assembler    Page 1 Alphabetic symbol ordering
Relocatable symbols

MAIN 00000000

Symbol: MAIN
   Definitions
      At line 3 in file exp1-b-ii\EXP1bii.asm
   Uses
      None
Comment: MAIN unused
PROGRAM 00000000

Symbol: PROGRAM
   Definitions
      At line 1 in file exp1-b-ii\EXP1bii.asm
   Uses
      None
Comment: PROGRAM unused
VALUE1 0000000C

Symbol: VALUE1
   Definitions
      At line 9 in file exp1-b-ii\EXP1bii.asm
   Uses
      At line 5 in file exp1-b-ii\EXP1bii.asm
Comment: VALUE1 used once
VALUE2 00000010

Symbol: VALUE2
   Definitions
      At line 10 in file exp1-b-ii\EXP1bii.asm
   Uses
      At line 6 in file exp1-b-ii\EXP1bii.asm
Comment: VALUE2 used once
4 symbols
335 symbols in table
